# JRE version: OpenJDK Runtime Environment (8.0_242-b01) (build 1.8.0_242-release-1644-b01)
# Java VM: OpenJDK 64-Bit Server VM (25.242-b01 mixed mode windows-amd64 compressed oops)
Heap:
 PSYoungGen      total 610304K, used 304163K [0x00000000d5580000, 0x0000000100000000, 0x0000000100000000)
  eden space 529408K, 53% used [0x00000000d5580000,0x00000000e6c0b478,0x00000000f5a80000)
  from space 80896K, 23% used [0x00000000f5a80000,0x00000000f6cfda20,0x00000000fa980000)
  to   space 77824K, 0% used [0x00000000fb400000,0x00000000fb400000,0x0000000100000000)
 ParOldGen       total 306176K, used 182199K [0x0000000080000000, 0x0000000092b00000, 0x00000000d5580000)
  object space 306176K, 59% used [0x0000000080000000,0x000000008b1ede90,0x0000000092b00000)
 Metaspace       used 153135K, capacity 160030K, committed 161624K, reserved 1189888K
  class space    used 19534K, capacity 20879K, committed 21376K, reserved 1048576K
GC Heap History (10 events):
Event: 1871.850 GC heap before
{Heap before GC invocations=20 (full 5):
 PSYoungGen      total 633856K, used 65020K [0x00000000d5580000, 0x0000000100000000, 0x0000000100000000)
  eden space 568832K, 0% used [0x00000000d5580000,0x00000000d5580000,0x00000000f8100000)
  from space 65024K, 99% used [0x00000000f8100000,0x00000000fc07f1e0,0x00000000fc080000)
  to   space 65024K, 0% used [0x00000000fc080000,0x00000000fc080000,0x0000000100000000)
 ParOldGen       total 166400K, used 161896K [0x0000000080000000, 0x000000008a280000, 0x00000000d5580000)
  object space 166400K, 97% used [0x0000000080000000,0x0000000089e1a078,0x000000008a280000)
 Metaspace       used 152582K, capacity 160350K, committed 160472K, reserved 1187840K
  class space    used 19731K, capacity 21235K, committed 21248K, reserved 1048576K
Event: 1874.301 GC heap after
Heap after GC invocations=20 (full 5):
 PSYoungGen      total 633856K, used 0K [0x00000000d5580000, 0x0000000100000000, 0x0000000100000000)
  eden space 568832K, 0% used [0x00000000d5580000,0x00000000d5580000,0x00000000f8100000)
  from space 65024K, 0% used [0x00000000f8100000,0x00000000f8100000,0x00000000fc080000)
  to   space 65024K, 0% used [0x00000000fc080000,0x00000000fc080000,0x0000000100000000)
 ParOldGen       total 306176K, used 155312K [0x0000000080000000, 0x0000000092b00000, 0x00000000d5580000)
  object space 306176K, 50% used [0x0000000080000000,0x00000000897ac0e0,0x0000000092b00000)
 Metaspace       used 151873K, capacity 158568K, committed 160472K, reserved 1187840K
  class space    used 19481K, capacity 20798K, committed 21248K, reserved 1048576K
}
Event: 1876.054 GC heap before
{Heap before GC invocations=21 (full 5):
 PSYoungGen      total 633856K, used 568832K [0x00000000d5580000, 0x0000000100000000, 0x0000000100000000)
  eden space 568832K, 100% used [0x00000000d5580000,0x00000000f8100000,0x00000000f8100000)
  from space 65024K, 0% used [0x00000000f8100000,0x00000000f8100000,0x00000000fc080000)
  to   space 65024K, 0% used [0x00000000fc080000,0x00000000fc080000,0x0000000100000000)
 ParOldGen       total 306176K, used 155312K [0x0000000080000000, 0x0000000092b00000, 0x00000000d5580000)
  object space 306176K, 50% used [0x0000000080000000,0x00000000897ac0e0,0x0000000092b00000)
 Metaspace       used 152746K, capacity 159632K, committed 161368K, reserved 1189888K
  class space    used 19529K, capacity 20872K, committed 21376K, reserved 1048576K
Event: 1876.212 GC heap after
Heap after GC invocations=21 (full 5):
 PSYoungGen      total 589824K, used 25643K [0x00000000d5580000, 0x0000000100000000, 0x0000000100000000)
  eden space 524800K, 0% used [0x00000000d5580000,0x00000000d5580000,0x00000000f5600000)
  from space 65024K, 39% used [0x00000000fc080000,0x00000000fd98ae20,0x0000000100000000)
  to   space 87040K, 0% used [0x00000000f5600000,0x00000000f5600000,0x00000000fab00000)
 ParOldGen       total 306176K, used 155320K [0x0000000080000000, 0x0000000092b00000, 0x00000000d5580000)
  object space 306176K, 50% used [0x0000000080000000,0x00000000897ae0e0,0x0000000092b00000)
 Metaspace       used 152746K, capacity 159632K, committed 161368K, reserved 1189888K
  class space    used 19529K, capacity 20872K, committed 21376K, reserved 1048576K
}
Event: 1876.844 GC heap before
{Heap before GC invocations=22 (full 5):
 PSYoungGen      total 589824K, used 550443K [0x00000000d5580000, 0x0000000100000000, 0x0000000100000000)
  eden space 524800K, 100% used [0x00000000d5580000,0x00000000f5600000,0x00000000f5600000)
  from space 65024K, 39% used [0x00000000fc080000,0x00000000fd98ae20,0x0000000100000000)
  to   space 87040K, 0% used [0x00000000f5600000,0x00000000f5600000,0x00000000fab00000)
 ParOldGen       total 306176K, used 155320K [0x0000000080000000, 0x0000000092b00000, 0x00000000d5580000)
  object space 306176K, 50% used [0x0000000080000000,0x00000000897ae0e0,0x0000000092b00000)
 Metaspace       used 152888K, capacity 159800K, committed 161624K, reserved 1189888K
  class space    used 19532K, capacity 20878K, committed 21376K, reserved 1048576K
Event: 1876.863 GC heap after
Heap after GC invocations=22 (full 5):
 PSYoungGen      total 611840K, used 27078K [0x00000000d5580000, 0x0000000100000000, 0x0000000100000000)
  eden space 524800K, 0% used [0x00000000d5580000,0x00000000d5580000,0x00000000f5600000)
  from space 87040K, 31% used [0x00000000f5600000,0x00000000f7071ae0,0x00000000fab00000)
  to   space 82432K, 0% used [0x00000000faf80000,0x00000000faf80000,0x0000000100000000)
 ParOldGen       total 306176K, used 155328K [0x0000000080000000, 0x0000000092b00000, 0x00000000d5580000)
  object space 306176K, 50% used [0x0000000080000000,0x00000000897b00e0,0x0000000092b00000)
 Metaspace       used 152888K, capacity 159800K, committed 161624K, reserved 1189888K
  class space    used 19532K, capacity 20878K, committed 21376K, reserved 1048576K
}
Event: 1877.429 GC heap before
{Heap before GC invocations=23 (full 5):
 PSYoungGen      total 611840K, used 551878K [0x00000000d5580000, 0x0000000100000000, 0x0000000100000000)
  eden space 524800K, 100% used [0x00000000d5580000,0x00000000f5600000,0x00000000f5600000)
  from space 87040K, 31% used [0x00000000f5600000,0x00000000f7071ae0,0x00000000fab00000)
  to   space 82432K, 0% used [0x00000000faf80000,0x00000000faf80000,0x0000000100000000)
 ParOldGen       total 306176K, used 155328K [0x0000000080000000, 0x0000000092b00000, 0x00000000d5580000)
  object space 306176K, 50% used [0x0000000080000000,0x00000000897b00e0,0x0000000092b00000)
 Metaspace       used 153019K, capacity 159944K, committed 161624K, reserved 1189888K
  class space    used 19534K, capacity 20878K, committed 21376K, reserved 1048576K
Event: 1877.465 GC heap after
Heap after GC invocations=23 (full 5):
 PSYoungGen      total 604160K, used 12410K [0x00000000d5580000, 0x00000000ff880000, 0x0000000100000000)
  eden space 529408K, 0% used [0x00000000d5580000,0x00000000d5580000,0x00000000f5a80000)
  from space 74752K, 16% used [0x00000000faf80000,0x00000000fbb9eba0,0x00000000ff880000)
  to   space 80896K, 0% used [0x00000000f5a80000,0x00000000f5a80000,0x00000000fa980000)
 ParOldGen       total 306176K, used 174020K [0x0000000080000000, 0x0000000092b00000, 0x00000000d5580000)
  object space 306176K, 56% used [0x0000000080000000,0x000000008a9f1358,0x0000000092b00000)
 Metaspace       used 153019K, capacity 159944K, committed 161624K, reserved 1189888K
  class space    used 19534K, capacity 20878K, committed 21376K, reserved 1048576K
}
Event: 1877.991 GC heap before
{Heap before GC invocations=24 (full 5):
 PSYoungGen      total 604160K, used 541818K [0x00000000d5580000, 0x00000000ff880000, 0x0000000100000000)
  eden space 529408K, 100% used [0x00000000d5580000,0x00000000f5a80000,0x00000000f5a80000)
  from space 74752K, 16% used [0x00000000faf80000,0x00000000fbb9eba0,0x00000000ff880000)
  to   space 80896K, 0% used [0x00000000f5a80000,0x00000000f5a80000,0x00000000fa980000)
 ParOldGen       total 306176K, used 174020K [0x0000000080000000, 0x0000000092b00000, 0x00000000d5580000)
  object space 306176K, 56% used [0x0000000080000000,0x000000008a9f1358,0x0000000092b00000)
 Metaspace       used 153103K, capacity 160026K, committed 161624K, reserved 1189888K
  class space    used 19534K, capacity 20879K, committed 21376K, reserved 1048576K
Event: 1878.018 GC heap after
Heap after GC invocations=24 (full 5):
 PSYoungGen      total 610304K, used 18934K [0x00000000d5580000, 0x0000000100000000, 0x0000000100000000)
  eden space 529408K, 0% used [0x00000000d5580000,0x00000000d5580000,0x00000000f5a80000)
  from space 80896K, 23% used [0x00000000f5a80000,0x00000000f6cfda20,0x00000000fa980000)
  to   space 77824K, 0% used [0x00000000fb400000,0x00000000fb400000,0x0000000100000000)
 ParOldGen       total 306176K, used 182199K [0x0000000080000000, 0x0000000092b00000, 0x00000000d5580000)
  object space 306176K, 59% used [0x0000000080000000,0x000000008b1ede90,0x0000000092b00000)
 Metaspace       used 153103K, capacity 160026K, committed 161624K, reserved 1189888K
  class space    used 19534K, capacity 20879K, committed 21376K, reserved 1048576K
}

